<?xml version="1.0" encoding="UTF-8"?>
<!-- Generated by org.testng.reporters.JUnitXMLReporter -->
<testsuite ignored="0" hostname="DESKTOP-SKRGRIP" failures="0" tests="38" name="Meta_Automation_MasterCode" time="147.39" errors="0" timestamp="2025-06-20T18:39:00 IST">
  <testcase classname="Test_Case.Meta_Master_Code" name="Fetchdata" time="77.483"/>
  <testcase classname="Test_Case.Meta_Master_Code" name="analyseURLs" time="2.092"/>
  <testcase classname="Test_Case.Meta_Master_Code" name="analyseURLs" time="1.54"/>
  <testcase classname="Test_Case.Meta_Master_Code" name="analyseURLs" time="1.354"/>
  <testcase classname="Test_Case.Meta_Master_Code" name="analyseURLs" time="1.321"/>
  <testcase classname="Test_Case.Meta_Master_Code" name="analyseURLs" time="1.305"/>
  <testcase classname="Test_Case.Meta_Master_Code" name="analyseURLs" time="1.287"/>
  <testcase classname="Test_Case.Meta_Master_Code" name="analyseURLs" time="1.256"/>
  <testcase classname="Test_Case.Meta_Master_Code" name="analyseURLs" time="1.237"/>
  <testcase classname="Test_Case.Meta_Master_Code" name="analyseURLs" time="1.309"/>
  <testcase classname="Test_Case.Meta_Master_Code" name="analyseURLs" time="1.468"/>
  <testcase classname="Test_Case.Meta_Master_Code" name="analyseURLs" time="3.091"/>
  <testcase classname="Test_Case.Meta_Master_Code" name="analyseURLs" time="1.666"/>
  <testcase classname="Test_Case.Meta_Master_Code" name="analyseURLs" time="1.573"/>
  <testcase classname="Test_Case.Meta_Master_Code" name="analyseURLs" time="1.578"/>
  <testcase classname="Test_Case.Meta_Master_Code" name="analyseURLs" time="1.287"/>
  <testcase classname="Test_Case.Meta_Master_Code" name="analyseURLs" time="13.813"/>
  <testcase classname="Test_Case.Meta_Master_Code" name="analyseURLs" time="4.569"/>
  <testcase classname="Test_Case.Meta_Master_Code" name="analyseURLs" time="1.317"/>
  <testcase classname="Test_Case.Meta_Master_Code" name="analyseURLs" time="1.25"/>
  <testcase classname="Test_Case.Meta_Master_Code" name="analyseURLs" time="1.221"/>
  <testcase classname="Test_Case.Meta_Master_Code" name="analyseURLs" time="1.355"/>
  <testcase classname="Test_Case.Meta_Master_Code" name="analyseURLs" time="1.257"/>
  <testcase classname="Test_Case.Meta_Master_Code" name="analyseURLs" time="1.237"/>
  <testcase classname="Test_Case.Meta_Master_Code" name="analyseURLs" time="1.286"/>
  <testcase classname="Test_Case.Meta_Master_Code" name="analyseURLs" time="1.321"/>
  <testcase classname="Test_Case.Meta_Master_Code" name="analyseURLs" time="1.176"/>
  <testcase classname="Test_Case.Meta_Master_Code" name="analyseURLs" time="1.216"/>
  <testcase classname="Test_Case.Meta_Master_Code" name="analyseURLs" time="1.255"/>
  <testcase classname="Test_Case.Meta_Master_Code" name="analyseURLs" time="1.237"/>
  <testcase classname="Test_Case.Meta_Master_Code" name="analyseURLs" time="1.304"/>
  <testcase classname="Test_Case.Meta_Master_Code" name="analyseURLs" time="1.344"/>
  <testcase classname="Test_Case.Meta_Master_Code" name="analyseURLs" time="1.221"/>
  <testcase classname="Test_Case.Meta_Master_Code" name="analyseURLs" time="1.272"/>
  <testcase classname="Test_Case.Meta_Master_Code" name="analyseURLs" time="1.22"/>
  <testcase classname="Test_Case.Meta_Master_Code" name="analyseURLs" time="1.238"/>
  <testcase classname="Test_Case.Meta_Master_Code" name="analyseURLs" time="1.304"/>
  <testcase classname="Test_Case.Meta_Master_Code" name="analyseURLs" time="1.288"/>
</testsuite> <!-- Meta_Automation_MasterCode -->
