<?xml version="1.0" encoding="UTF-8"?>
<!-- Generated by org.testng.reporters.JUnitXMLReporter -->
<testsuite ignored="0" hostname="DESKTOP-SKRGRIP" failures="0" tests="93" name="Meta_Automation_MasterCode" time="526.776" errors="0" timestamp="2025-06-26T14:58:56 IST">
  <testcase classname="Test_Case.Meta_Master_Code" name="Fetchdata" time="366.463"/>
  <testcase classname="Test_Case.Meta_Master_Code" name="analyseURLs" time="2.71"/>
  <testcase classname="Test_Case.Meta_Master_Code" name="analyseURLs" time="1.835"/>
  <testcase classname="Test_Case.Meta_Master_Code" name="analyseURLs" time="3.806"/>
  <testcase classname="Test_Case.Meta_Master_Code" name="analyseURLs" time="1.754"/>
  <testcase classname="Test_Case.Meta_Master_Code" name="analyseURLs" time="1.626"/>
  <testcase classname="Test_Case.Meta_Master_Code" name="analyseURLs" time="2.335"/>
  <testcase classname="Test_Case.Meta_Master_Code" name="analyseURLs" time="2.254"/>
  <testcase classname="Test_Case.Meta_Master_Code" name="analyseURLs" time="2.083"/>
  <testcase classname="Test_Case.Meta_Master_Code" name="analyseURLs" time="2.809"/>
  <testcase classname="Test_Case.Meta_Master_Code" name="analyseURLs" time="2.478"/>
  <testcase classname="Test_Case.Meta_Master_Code" name="analyseURLs" time="1.751"/>
  <testcase classname="Test_Case.Meta_Master_Code" name="analyseURLs" time="1.554"/>
  <testcase classname="Test_Case.Meta_Master_Code" name="analyseURLs" time="2.087"/>
  <testcase classname="Test_Case.Meta_Master_Code" name="analyseURLs" time="2.373"/>
  <testcase classname="Test_Case.Meta_Master_Code" name="analyseURLs" time="2.032"/>
  <testcase classname="Test_Case.Meta_Master_Code" name="analyseURLs" time="1.356"/>
  <testcase classname="Test_Case.Meta_Master_Code" name="analyseURLs" time="1.267"/>
  <testcase classname="Test_Case.Meta_Master_Code" name="analyseURLs" time="1.33"/>
  <testcase classname="Test_Case.Meta_Master_Code" name="analyseURLs" time="1.388"/>
  <testcase classname="Test_Case.Meta_Master_Code" name="analyseURLs" time="1.353"/>
  <testcase classname="Test_Case.Meta_Master_Code" name="analyseURLs" time="1.301"/>
  <testcase classname="Test_Case.Meta_Master_Code" name="analyseURLs" time="1.615"/>
  <testcase classname="Test_Case.Meta_Master_Code" name="analyseURLs" time="1.256"/>
  <testcase classname="Test_Case.Meta_Master_Code" name="analyseURLs" time="1.317"/>
  <testcase classname="Test_Case.Meta_Master_Code" name="analyseURLs" time="1.756"/>
  <testcase classname="Test_Case.Meta_Master_Code" name="analyseURLs" time="1.635"/>
  <testcase classname="Test_Case.Meta_Master_Code" name="analyseURLs" time="1.609"/>
  <testcase classname="Test_Case.Meta_Master_Code" name="analyseURLs" time="1.397"/>
  <testcase classname="Test_Case.Meta_Master_Code" name="analyseURLs" time="1.378"/>
  <testcase classname="Test_Case.Meta_Master_Code" name="analyseURLs" time="1.536"/>
  <testcase classname="Test_Case.Meta_Master_Code" name="analyseURLs" time="1.836"/>
  <testcase classname="Test_Case.Meta_Master_Code" name="analyseURLs" time="1.455"/>
  <testcase classname="Test_Case.Meta_Master_Code" name="analyseURLs" time="1.571"/>
  <testcase classname="Test_Case.Meta_Master_Code" name="analyseURLs" time="1.459"/>
  <testcase classname="Test_Case.Meta_Master_Code" name="analyseURLs" time="1.409"/>
  <testcase classname="Test_Case.Meta_Master_Code" name="analyseURLs" time="1.647"/>
  <testcase classname="Test_Case.Meta_Master_Code" name="analyseURLs" time="1.427"/>
  <testcase classname="Test_Case.Meta_Master_Code" name="analyseURLs" time="1.439"/>
  <testcase classname="Test_Case.Meta_Master_Code" name="analyseURLs" time="1.517"/>
  <testcase classname="Test_Case.Meta_Master_Code" name="analyseURLs" time="2.774"/>
  <testcase classname="Test_Case.Meta_Master_Code" name="analyseURLs" time="1.465"/>
  <testcase classname="Test_Case.Meta_Master_Code" name="analyseURLs" time="1.71"/>
  <testcase classname="Test_Case.Meta_Master_Code" name="analyseURLs" time="1.599"/>
  <testcase classname="Test_Case.Meta_Master_Code" name="analyseURLs" time="1.56"/>
  <testcase classname="Test_Case.Meta_Master_Code" name="analyseURLs" time="1.558"/>
  <testcase classname="Test_Case.Meta_Master_Code" name="analyseURLs" time="1.767"/>
  <testcase classname="Test_Case.Meta_Master_Code" name="analyseURLs" time="1.527"/>
  <testcase classname="Test_Case.Meta_Master_Code" name="analyseURLs" time="1.564"/>
  <testcase classname="Test_Case.Meta_Master_Code" name="analyseURLs" time="1.596"/>
  <testcase classname="Test_Case.Meta_Master_Code" name="analyseURLs" time="1.362"/>
  <testcase classname="Test_Case.Meta_Master_Code" name="analyseURLs" time="1.428"/>
  <testcase classname="Test_Case.Meta_Master_Code" name="analyseURLs" time="1.458"/>
  <testcase classname="Test_Case.Meta_Master_Code" name="analyseURLs" time="2.828"/>
  <testcase classname="Test_Case.Meta_Master_Code" name="analyseURLs" time="2.684"/>
  <testcase classname="Test_Case.Meta_Master_Code" name="analyseURLs" time="1.552"/>
  <testcase classname="Test_Case.Meta_Master_Code" name="analyseURLs" time="1.671"/>
  <testcase classname="Test_Case.Meta_Master_Code" name="analyseURLs" time="1.42"/>
  <testcase classname="Test_Case.Meta_Master_Code" name="analyseURLs" time="1.895"/>
  <testcase classname="Test_Case.Meta_Master_Code" name="analyseURLs" time="1.778"/>
  <testcase classname="Test_Case.Meta_Master_Code" name="analyseURLs" time="1.534"/>
  <testcase classname="Test_Case.Meta_Master_Code" name="analyseURLs" time="1.597"/>
  <testcase classname="Test_Case.Meta_Master_Code" name="analyseURLs" time="1.546"/>
  <testcase classname="Test_Case.Meta_Master_Code" name="analyseURLs" time="1.758"/>
  <testcase classname="Test_Case.Meta_Master_Code" name="analyseURLs" time="2.726"/>
  <testcase classname="Test_Case.Meta_Master_Code" name="analyseURLs" time="1.485"/>
  <testcase classname="Test_Case.Meta_Master_Code" name="analyseURLs" time="1.588"/>
  <testcase classname="Test_Case.Meta_Master_Code" name="analyseURLs" time="1.387"/>
  <testcase classname="Test_Case.Meta_Master_Code" name="analyseURLs" time="1.405"/>
  <testcase classname="Test_Case.Meta_Master_Code" name="analyseURLs" time="1.603"/>
  <testcase classname="Test_Case.Meta_Master_Code" name="analyseURLs" time="1.257"/>
  <testcase classname="Test_Case.Meta_Master_Code" name="analyseURLs" time="1.482"/>
  <testcase classname="Test_Case.Meta_Master_Code" name="analyseURLs" time="1.584"/>
  <testcase classname="Test_Case.Meta_Master_Code" name="analyseURLs" time="1.42"/>
  <testcase classname="Test_Case.Meta_Master_Code" name="analyseURLs" time="1.567"/>
  <testcase classname="Test_Case.Meta_Master_Code" name="analyseURLs" time="1.461"/>
  <testcase classname="Test_Case.Meta_Master_Code" name="analyseURLs" time="1.187"/>
  <testcase classname="Test_Case.Meta_Master_Code" name="analyseURLs" time="1.386"/>
  <testcase classname="Test_Case.Meta_Master_Code" name="analyseURLs" time="1.53"/>
  <testcase classname="Test_Case.Meta_Master_Code" name="analyseURLs" time="1.63"/>
  <testcase classname="Test_Case.Meta_Master_Code" name="analyseURLs" time="1.305"/>
  <testcase classname="Test_Case.Meta_Master_Code" name="analyseURLs" time="1.392"/>
  <testcase classname="Test_Case.Meta_Master_Code" name="analyseURLs" time="2.285"/>
  <testcase classname="Test_Case.Meta_Master_Code" name="analyseURLs" time="1.394"/>
  <testcase classname="Test_Case.Meta_Master_Code" name="analyseURLs" time="2.482"/>
  <testcase classname="Test_Case.Meta_Master_Code" name="analyseURLs" time="1.454"/>
  <testcase classname="Test_Case.Meta_Master_Code" name="analyseURLs" time="1.372"/>
  <testcase classname="Test_Case.Meta_Master_Code" name="analyseURLs" time="2.619"/>
  <testcase classname="Test_Case.Meta_Master_Code" name="analyseURLs" time="1.558"/>
  <testcase classname="Test_Case.Meta_Master_Code" name="analyseURLs" time="1.414"/>
  <testcase classname="Test_Case.Meta_Master_Code" name="analyseURLs" time="1.456"/>
  <testcase classname="Test_Case.Meta_Master_Code" name="analyseURLs" time="2.469"/>
  <testcase classname="Test_Case.Meta_Master_Code" name="deleteExcelIfNoSheet" time="0.006"/>
</testsuite> <!-- Meta_Automation_MasterCode -->
