<?xml version="1.0" encoding="UTF-8"?>
<testsuite xmlns:xsi="http://www.w3.org/2001/XMLSchema-instance" xsi:noNamespaceSchemaLocation="https://maven.apache.org/surefire/maven-surefire-plugin/xsd/surefire-test-report-3.0.xsd" version="3.0" name="TestSuite" time="155.591" tests="38" errors="0" skipped="0" failures="0">
  <properties>
[...]
</properties>
  <testcase name="Fetchdata" classname="Test_Case.Meta_Master_Code" time="77.49">
    <system-out><![CDATA[URL Entered
Scroll: 0
Scroll: 1
Scroll: 2
Scroll: 3
Scroll: 4
Scroll: 5
Scroll: 6
Scroll: 7
Scroll: 8
Scroll: 9
Scroll: 10
Excel file created successfully!
Total link is 54
1 - Link is disabled
Data written successfully.
Data written successfully.
4 - Link is disabled
5 - Link is disabled
6 - Link is disabled
7 - Link is disabled
8 - Link is disabled
9 - Link is disabled
10 - Link is disabled
11 - Link is disabled
12 - Link is disabled
13 - Link is disabled
14 - Link is disabled
15 - Link is disabled
16 - Link is disabled
17 - Link is disabled
18 - Link is disabled
Data written successfully.
Data written successfully.
Data written successfully.
Data written successfully.
23 - Link is disabled
Data written successfully.
Data written successfully.
Data written successfully.
Data written successfully.
Data written successfully.
Data written successfully.
Data written successfully.
Data written successfully.
Data written successfully.
Data written successfully.
Data written successfully.
Data written successfully.
Data written successfully.
Data written successfully.
Data written successfully.
Data written successfully.
Data written successfully.
Data written successfully.
Data written successfully.
Data written successfully.
Data written successfully.
Data written successfully.
Data written successfully.
Data written successfully.
Data written successfully.
Data written successfully.
Data written successfully.
Data written successfully.
Data written successfully.
Data written successfully.
Data written successfully.
]]></system-out>
    <system-err><![CDATA[SLF4J: Failed to load class "org.slf4j.impl.StaticLoggerBinder".
SLF4J: Defaulting to no-operation (NOP) logger implementation
SLF4J: See http://www.slf4j.org/codes.html#StaticLoggerBinder for further details.
Jun 20, 2025 6:36:35 PM org.openqa.selenium.devtools.CdpVersionFinder findNearestMatch
WARNING: Unable to find CDP implementation matching 137
Jun 20, 2025 6:36:35 PM org.openqa.selenium.chromium.ChromiumDriver lambda$new$5
WARNING: Unable to find version of CDP to use for 137.0.7151.120. You may need to include a dependency on a specific version of the CDP using something similar to `org.seleniumhq.selenium:selenium-devtools-v86:4.18.1` where the version ("v86") matches the version of the chromium-based browser you're using and the version number of the artifact is the same as Selenium's.
ERROR StatusLogger Log4j2 could not find a logging implementation. Please add log4j-core to the classpath. Using SimpleLogger to log to the console...
]]></system-err>
  </testcase>
  <testcase name="analyseURLs[https://l.facebook.com/l.php?u=http%3A%2F%2Fplay.google.com%2Fstore%2Fapps%2Fdetails%3Fid%3Dcom.recoveryphotos.videos.allfiles&amp;h=AT2518dKX-LL0oR7zQh3GJXyI-IVm3kSxlECFfA8r5X2UcIKkBkuQqI-LuSjuCxqzhwWj7iGrfPKwmpPvOsmGcUlOR7oxT2Ntcn0L4-RBe6BSQg7EX7PK7eFo2PbQ6B9Y4DopigXuOMPpacRhOVAnA](1)" classname="Test_Case.Meta_Master_Code" time="2.092">
    <system-out><![CDATA[5000000
0 - The Downloads is more than 1M
]]></system-out>
  </testcase>
  <testcase name="analyseURLs[https://l.facebook.com/l.php?u=http%3A%2F%2Fplay.google.com%2Fstore%2Fapps%2Fdetails%3Fid%3Dcom.aichat.chabot.aiassistant&amp;h=AT2518dKX-LL0oR7zQh3GJXyI-IVm3kSxlECFfA8r5X2UcIKkBkuQqI-LuSjuCxqzhwWj7iGrfPKwmpPvOsmGcUlOR7oxT2Ntcn0L4-RBe6BSQg7EX7PK7eFo2PbQ6B9Y4DopigXuOMPpacRhOVAnA](2)" classname="Test_Case.Meta_Master_Code" time="1.573">
    <system-out><![CDATA[500000
Parsed rating: 2.7
Data written successfully: https://play.google.com/store/apps/details?id=com.aichat.chabot.aiassistant
Duplicate entry in the Mastersheet
The rating is less than 4.5
1 - link in written
]]></system-out>
  </testcase>
  <testcase name="analyseURLs[https://l.facebook.com/l.php?u=https%3A%2F%2Fplay.google.com%2Fstore%2Fapps%2Fdetails%3Fid%3Dcom.changdu.mobovideo&amp;h=AT2518dKX-LL0oR7zQh3GJXyI-IVm3kSxlECFfA8r5X2UcIKkBkuQqI-LuSjuCxqzhwWj7iGrfPKwmpPvOsmGcUlOR7oxT2Ntcn0L4-RBe6BSQg7EX7PK7eFo2PbQ6B9Y4DopigXuOMPpacRhOVAnA](3)" classname="Test_Case.Meta_Master_Code" time="1.331">
    <system-out><![CDATA[10000000
2 - The Downloads is more than 1M
]]></system-out>
  </testcase>
  <testcase name="analyseURLs[https://l.facebook.com/l.php?u=https%3A%2F%2Fplay.google.com%2Fstore%2Fapps%2Fdetails%3Fid%3Dcom.changdu.mobovideo&amp;h=AT2518dKX-LL0oR7zQh3GJXyI-IVm3kSxlECFfA8r5X2UcIKkBkuQqI-LuSjuCxqzhwWj7iGrfPKwmpPvOsmGcUlOR7oxT2Ntcn0L4-RBe6BSQg7EX7PK7eFo2PbQ6B9Y4DopigXuOMPpacRhOVAnA](4)" classname="Test_Case.Meta_Master_Code" time="1.319">
    <system-out><![CDATA[10000000
3 - The Downloads is more than 1M
]]></system-out>
  </testcase>
  <testcase name="analyseURLs[https://l.facebook.com/l.php?u=https%3A%2F%2Fplay.google.com%2Fstore%2Fapps%2Fdetails%3Fid%3Dcom.changdu.mobovideo&amp;h=AT2518dKX-LL0oR7zQh3GJXyI-IVm3kSxlECFfA8r5X2UcIKkBkuQqI-LuSjuCxqzhwWj7iGrfPKwmpPvOsmGcUlOR7oxT2Ntcn0L4-RBe6BSQg7EX7PK7eFo2PbQ6B9Y4DopigXuOMPpacRhOVAnA](5)" classname="Test_Case.Meta_Master_Code" time="1.302">
    <system-out><![CDATA[10000000
4 - The Downloads is more than 1M
]]></system-out>
  </testcase>
  <testcase name="analyseURLs[https://l.facebook.com/l.php?u=https%3A%2F%2Fplay.google.com%2Fstore%2Fapps%2Fdetails%3Fid%3Dcom.changdu.mobovideo&amp;h=AT2518dKX-LL0oR7zQh3GJXyI-IVm3kSxlECFfA8r5X2UcIKkBkuQqI-LuSjuCxqzhwWj7iGrfPKwmpPvOsmGcUlOR7oxT2Ntcn0L4-RBe6BSQg7EX7PK7eFo2PbQ6B9Y4DopigXuOMPpacRhOVAnA](6)" classname="Test_Case.Meta_Master_Code" time="1.3">
    <system-out><![CDATA[10000000
5 - The Downloads is more than 1M
]]></system-out>
  </testcase>
  <testcase name="analyseURLs[https://l.facebook.com/l.php?u=https%3A%2F%2Fplay.google.com%2Fstore%2Fapps%2Fdetails%3Fid%3Dcom.changdu.mobovideo&amp;h=AT2518dKX-LL0oR7zQh3GJXyI-IVm3kSxlECFfA8r5X2UcIKkBkuQqI-LuSjuCxqzhwWj7iGrfPKwmpPvOsmGcUlOR7oxT2Ntcn0L4-RBe6BSQg7EX7PK7eFo2PbQ6B9Y4DopigXuOMPpacRhOVAnA](7)" classname="Test_Case.Meta_Master_Code" time="1.272">
    <system-out><![CDATA[10000000
6 - The Downloads is more than 1M
]]></system-out>
  </testcase>
  <testcase name="analyseURLs[https://l.facebook.com/l.php?u=https%3A%2F%2Fplay.google.com%2Fstore%2Fapps%2Fdetails%3Fid%3Dcom.changdu.mobovideo&amp;h=AT2518dKX-LL0oR7zQh3GJXyI-IVm3kSxlECFfA8r5X2UcIKkBkuQqI-LuSjuCxqzhwWj7iGrfPKwmpPvOsmGcUlOR7oxT2Ntcn0L4-RBe6BSQg7EX7PK7eFo2PbQ6B9Y4DopigXuOMPpacRhOVAnA](8)" classname="Test_Case.Meta_Master_Code" time="1.253">
    <system-out><![CDATA[10000000
7 - The Downloads is more than 1M
]]></system-out>
  </testcase>
  <testcase name="analyseURLs[https://l.facebook.com/l.php?u=https%3A%2F%2Fplay.google.com%2Fstore%2Fapps%2Fdetails%3Fid%3Dcom.changdu.mobovideo&amp;h=AT2518dKX-LL0oR7zQh3GJXyI-IVm3kSxlECFfA8r5X2UcIKkBkuQqI-LuSjuCxqzhwWj7iGrfPKwmpPvOsmGcUlOR7oxT2Ntcn0L4-RBe6BSQg7EX7PK7eFo2PbQ6B9Y4DopigXuOMPpacRhOVAnA](9)" classname="Test_Case.Meta_Master_Code" time="1.306">
    <system-out><![CDATA[10000000
8 - The Downloads is more than 1M
]]></system-out>
  </testcase>
  <testcase name="analyseURLs[https://l.facebook.com/l.php?u=http%3A%2F%2Fplay.google.com%2Fstore%2Fapps%2Fdetails%3Fid%3Dcom.radio.pocketfm&amp;h=AT2518dKX-LL0oR7zQh3GJXyI-IVm3kSxlECFfA8r5X2UcIKkBkuQqI-LuSjuCxqzhwWj7iGrfPKwmpPvOsmGcUlOR7oxT2Ntcn0L4-RBe6BSQg7EX7PK7eFo2PbQ6B9Y4DopigXuOMPpacRhOVAnA](10)" classname="Test_Case.Meta_Master_Code" time="1.473">
    <system-out><![CDATA[100000000
9 - The Downloads is more than 1M
]]></system-out>
  </testcase>
  <testcase name="analyseURLs[https://l.facebook.com/l.php?u=http%3A%2F%2Fitunes.apple.com%2Fapp%2Fid6466400444&amp;h=AT2518dKX-LL0oR7zQh3GJXyI-IVm3kSxlECFfA8r5X2UcIKkBkuQqI-LuSjuCxqzhwWj7iGrfPKwmpPvOsmGcUlOR7oxT2Ntcn0L4-RBe6BSQg7EX7PK7eFo2PbQ6B9Y4DopigXuOMPpacRhOVAnA](11)" classname="Test_Case.Meta_Master_Code" time="3.091">
    <system-out><![CDATA[10 - The link is App store or other site
]]></system-out>
  </testcase>
  <testcase name="analyseURLs[https://l.facebook.com/l.php?u=http%3A%2F%2Fitunes.apple.com%2Fapp%2Fid6466400444&amp;h=AT2518dKX-LL0oR7zQh3GJXyI-IVm3kSxlECFfA8r5X2UcIKkBkuQqI-LuSjuCxqzhwWj7iGrfPKwmpPvOsmGcUlOR7oxT2Ntcn0L4-RBe6BSQg7EX7PK7eFo2PbQ6B9Y4DopigXuOMPpacRhOVAnA](12)" classname="Test_Case.Meta_Master_Code" time="1.666">
    <system-out><![CDATA[11 - The link is App store or other site
]]></system-out>
  </testcase>
  <testcase name="analyseURLs[https://l.facebook.com/l.php?u=http%3A%2F%2Fitunes.apple.com%2Fapp%2Fid6466400444&amp;h=AT2518dKX-LL0oR7zQh3GJXyI-IVm3kSxlECFfA8r5X2UcIKkBkuQqI-LuSjuCxqzhwWj7iGrfPKwmpPvOsmGcUlOR7oxT2Ntcn0L4-RBe6BSQg7EX7PK7eFo2PbQ6B9Y4DopigXuOMPpacRhOVAnA](13)" classname="Test_Case.Meta_Master_Code" time="1.573">
    <system-out><![CDATA[12 - The link is App store or other site
]]></system-out>
  </testcase>
  <testcase name="analyseURLs[https://l.facebook.com/l.php?u=http%3A%2F%2Fitunes.apple.com%2Fapp%2Fid6466400444&amp;h=AT2518dKX-LL0oR7zQh3GJXyI-IVm3kSxlECFfA8r5X2UcIKkBkuQqI-LuSjuCxqzhwWj7iGrfPKwmpPvOsmGcUlOR7oxT2Ntcn0L4-RBe6BSQg7EX7PK7eFo2PbQ6B9Y4DopigXuOMPpacRhOVAnA](14)" classname="Test_Case.Meta_Master_Code" time="1.578">
    <system-out><![CDATA[13 - The link is App store or other site
]]></system-out>
  </testcase>
  <testcase name="analyseURLs[https://l.facebook.com/l.php?u=http%3A%2F%2Fplay.google.com%2Fstore%2Fapps%2Fdetails%3Fid%3Dcom.seekho.android&amp;h=AT2518dKX-LL0oR7zQh3GJXyI-IVm3kSxlECFfA8r5X2UcIKkBkuQqI-LuSjuCxqzhwWj7iGrfPKwmpPvOsmGcUlOR7oxT2Ntcn0L4-RBe6BSQg7EX7PK7eFo2PbQ6B9Y4DopigXuOMPpacRhOVAnA](15)" classname="Test_Case.Meta_Master_Code" time="1.302">
    <system-out><![CDATA[50000000
14 - The Downloads is more than 1M
]]></system-out>
  </testcase>
  <testcase name="analyseURLs[https://l.facebook.com/l.php?u=http%3A%2F%2Fplay.google.com%2Fstore%2Fapps%2Fdetails%3Fid%3Dcom.athena.ayushdev&amp;h=AT2518dKX-LL0oR7zQh3GJXyI-IVm3kSxlECFfA8r5X2UcIKkBkuQqI-LuSjuCxqzhwWj7iGrfPKwmpPvOsmGcUlOR7oxT2Ntcn0L4-RBe6BSQg7EX7PK7eFo2PbQ6B9Y4DopigXuOMPpacRhOVAnA](16)" classname="Test_Case.Meta_Master_Code" time="14.775">
    <system-out><![CDATA[1000
Parsed rating: 4.4
Data written successfully: https://play.google.com/store/apps/details?id=com.athena.ayushdev
Data Written in Mastersheet - https://play.google.com/store/apps/details?id=com.athena.ayushdev
The rating is less than 4.5
15 - link in written
]]></system-out>
  </testcase>
  <testcase name="analyseURLs[https://l.facebook.com/l.php?u=http%3A%2F%2Fplay.google.com%2Fstore%2Fapps%2Fdetails%3Fid%3Dcom.w_14735706&amp;h=AT2518dKX-LL0oR7zQh3GJXyI-IVm3kSxlECFfA8r5X2UcIKkBkuQqI-LuSjuCxqzhwWj7iGrfPKwmpPvOsmGcUlOR7oxT2Ntcn0L4-RBe6BSQg7EX7PK7eFo2PbQ6B9Y4DopigXuOMPpacRhOVAnA](17)" classname="Test_Case.Meta_Master_Code" time="3.606">
    <system-out><![CDATA[50000
Parsed rating: 2.7
Data written successfully: https://play.google.com/store/apps/details?id=com.w_14735706
Data Written in Mastersheet - https://play.google.com/store/apps/details?id=com.w_14735706
The rating is less than 4.5
16 - link in written
]]></system-out>
  </testcase>
  <testcase name="analyseURLs[https://l.facebook.com/l.php?u=http%3A%2F%2Fplay.google.com%2Fstore%2Fapps%2Fdetails%3Fid%3Dcom.w_14735706&amp;h=AT2518dKX-LL0oR7zQh3GJXyI-IVm3kSxlECFfA8r5X2UcIKkBkuQqI-LuSjuCxqzhwWj7iGrfPKwmpPvOsmGcUlOR7oxT2Ntcn0L4-RBe6BSQg7EX7PK7eFo2PbQ6B9Y4DopigXuOMPpacRhOVAnA](18)" classname="Test_Case.Meta_Master_Code" time="1.315">
    <system-out><![CDATA[50000
Parsed rating: 2.7
Duplicate entry skipped: https://play.google.com/store/apps/details?id=com.w_14735706
Duplicate entry in the Mastersheet
The rating is less than 4.5
17 - link in written
]]></system-out>
  </testcase>
  <testcase name="analyseURLs[https://l.facebook.com/l.php?u=http%3A%2F%2Fplay.google.com%2Fstore%2Fapps%2Fdetails%3Fid%3Dcom.seekho.android&amp;h=AT2518dKX-LL0oR7zQh3GJXyI-IVm3kSxlECFfA8r5X2UcIKkBkuQqI-LuSjuCxqzhwWj7iGrfPKwmpPvOsmGcUlOR7oxT2Ntcn0L4-RBe6BSQg7EX7PK7eFo2PbQ6B9Y4DopigXuOMPpacRhOVAnA](19)" classname="Test_Case.Meta_Master_Code" time="1.245">
    <system-out><![CDATA[50000000
18 - The Downloads is more than 1M
]]></system-out>
  </testcase>
  <testcase name="analyseURLs[https://l.facebook.com/l.php?u=http%3A%2F%2Fplay.google.com%2Fstore%2Fapps%2Fdetails%3Fid%3Dcom.radio.pocketfm&amp;h=AT2518dKX-LL0oR7zQh3GJXyI-IVm3kSxlECFfA8r5X2UcIKkBkuQqI-LuSjuCxqzhwWj7iGrfPKwmpPvOsmGcUlOR7oxT2Ntcn0L4-RBe6BSQg7EX7PK7eFo2PbQ6B9Y4DopigXuOMPpacRhOVAnA](20)" classname="Test_Case.Meta_Master_Code" time="1.228">
    <system-out><![CDATA[100000000
19 - The Downloads is more than 1M
]]></system-out>
  </testcase>
  <testcase name="analyseURLs[https://l.facebook.com/l.php?u=http%3A%2F%2Fplay.google.com%2Fstore%2Fapps%2Fdetails%3Fid%3Dcom.radio.pocketfm&amp;h=AT2518dKX-LL0oR7zQh3GJXyI-IVm3kSxlECFfA8r5X2UcIKkBkuQqI-LuSjuCxqzhwWj7iGrfPKwmpPvOsmGcUlOR7oxT2Ntcn0L4-RBe6BSQg7EX7PK7eFo2PbQ6B9Y4DopigXuOMPpacRhOVAnA](21)" classname="Test_Case.Meta_Master_Code" time="1.345">
    <system-out><![CDATA[100000000
20 - The Downloads is more than 1M
]]></system-out>
  </testcase>
  <testcase name="analyseURLs[https://l.facebook.com/l.php?u=http%3A%2F%2Fplay.google.com%2Fstore%2Fapps%2Fdetails%3Fid%3Dcom.radio.pocketfm&amp;h=AT2518dKX-LL0oR7zQh3GJXyI-IVm3kSxlECFfA8r5X2UcIKkBkuQqI-LuSjuCxqzhwWj7iGrfPKwmpPvOsmGcUlOR7oxT2Ntcn0L4-RBe6BSQg7EX7PK7eFo2PbQ6B9Y4DopigXuOMPpacRhOVAnA](22)" classname="Test_Case.Meta_Master_Code" time="1.269">
    <system-out><![CDATA[100000000
21 - The Downloads is more than 1M
]]></system-out>
  </testcase>
  <testcase name="analyseURLs[https://l.facebook.com/l.php?u=http%3A%2F%2Fplay.google.com%2Fstore%2Fapps%2Fdetails%3Fid%3Dcom.radio.pocketfm&amp;h=AT2518dKX-LL0oR7zQh3GJXyI-IVm3kSxlECFfA8r5X2UcIKkBkuQqI-LuSjuCxqzhwWj7iGrfPKwmpPvOsmGcUlOR7oxT2Ntcn0L4-RBe6BSQg7EX7PK7eFo2PbQ6B9Y4DopigXuOMPpacRhOVAnA](23)" classname="Test_Case.Meta_Master_Code" time="1.239">
    <system-out><![CDATA[100000000
22 - The Downloads is more than 1M
]]></system-out>
  </testcase>
  <testcase name="analyseURLs[https://l.facebook.com/l.php?u=http%3A%2F%2Fplay.google.com%2Fstore%2Fapps%2Fdetails%3Fid%3Dcom.radio.pocketfm&amp;h=AT2518dKX-LL0oR7zQh3GJXyI-IVm3kSxlECFfA8r5X2UcIKkBkuQqI-LuSjuCxqzhwWj7iGrfPKwmpPvOsmGcUlOR7oxT2Ntcn0L4-RBe6BSQg7EX7PK7eFo2PbQ6B9Y4DopigXuOMPpacRhOVAnA](24)" classname="Test_Case.Meta_Master_Code" time="1.278">
    <system-out><![CDATA[100000000
23 - The Downloads is more than 1M
]]></system-out>
  </testcase>
  <testcase name="analyseURLs[https://l.facebook.com/l.php?u=http%3A%2F%2Fplay.google.com%2Fstore%2Fapps%2Fdetails%3Fid%3Dcom.radio.pocketfm&amp;h=AT2518dKX-LL0oR7zQh3GJXyI-IVm3kSxlECFfA8r5X2UcIKkBkuQqI-LuSjuCxqzhwWj7iGrfPKwmpPvOsmGcUlOR7oxT2Ntcn0L4-RBe6BSQg7EX7PK7eFo2PbQ6B9Y4DopigXuOMPpacRhOVAnA](25)" classname="Test_Case.Meta_Master_Code" time="1.325">
    <system-out><![CDATA[100000000
24 - The Downloads is more than 1M
]]></system-out>
  </testcase>
  <testcase name="analyseURLs[https://l.facebook.com/l.php?u=http%3A%2F%2Fplay.google.com%2Fstore%2Fapps%2Fdetails%3Fid%3Dcom.seekho.android&amp;h=AT2518dKX-LL0oR7zQh3GJXyI-IVm3kSxlECFfA8r5X2UcIKkBkuQqI-LuSjuCxqzhwWj7iGrfPKwmpPvOsmGcUlOR7oxT2Ntcn0L4-RBe6BSQg7EX7PK7eFo2PbQ6B9Y4DopigXuOMPpacRhOVAnA](26)" classname="Test_Case.Meta_Master_Code" time="1.178">
    <system-out><![CDATA[50000000
25 - The Downloads is more than 1M
]]></system-out>
  </testcase>
  <testcase name="analyseURLs[https://l.facebook.com/l.php?u=http%3A%2F%2Fplay.google.com%2Fstore%2Fapps%2Fdetails%3Fid%3Dcom.seekho.android&amp;h=AT2518dKX-LL0oR7zQh3GJXyI-IVm3kSxlECFfA8r5X2UcIKkBkuQqI-LuSjuCxqzhwWj7iGrfPKwmpPvOsmGcUlOR7oxT2Ntcn0L4-RBe6BSQg7EX7PK7eFo2PbQ6B9Y4DopigXuOMPpacRhOVAnA](27)" classname="Test_Case.Meta_Master_Code" time="1.203">
    <system-out><![CDATA[50000000
26 - The Downloads is more than 1M
]]></system-out>
  </testcase>
  <testcase name="analyseURLs[https://l.facebook.com/l.php?u=http%3A%2F%2Fplay.google.com%2Fstore%2Fapps%2Fdetails%3Fid%3Dcom.seekho.android&amp;h=AT2518dKX-LL0oR7zQh3GJXyI-IVm3kSxlECFfA8r5X2UcIKkBkuQqI-LuSjuCxqzhwWj7iGrfPKwmpPvOsmGcUlOR7oxT2Ntcn0L4-RBe6BSQg7EX7PK7eFo2PbQ6B9Y4DopigXuOMPpacRhOVAnA](28)" classname="Test_Case.Meta_Master_Code" time="1.259">
    <system-out><![CDATA[50000000
27 - The Downloads is more than 1M
]]></system-out>
  </testcase>
  <testcase name="analyseURLs[https://l.facebook.com/l.php?u=http%3A%2F%2Fplay.google.com%2Fstore%2Fapps%2Fdetails%3Fid%3Dcom.seekho.android&amp;h=AT2518dKX-LL0oR7zQh3GJXyI-IVm3kSxlECFfA8r5X2UcIKkBkuQqI-LuSjuCxqzhwWj7iGrfPKwmpPvOsmGcUlOR7oxT2Ntcn0L4-RBe6BSQg7EX7PK7eFo2PbQ6B9Y4DopigXuOMPpacRhOVAnA](29)" classname="Test_Case.Meta_Master_Code" time="1.241">
    <system-out><![CDATA[50000000
28 - The Downloads is more than 1M
]]></system-out>
  </testcase>
  <testcase name="analyseURLs[https://l.facebook.com/l.php?u=http%3A%2F%2Fplay.google.com%2Fstore%2Fapps%2Fdetails%3Fid%3Dcom.seekho.android&amp;h=AT2518dKX-LL0oR7zQh3GJXyI-IVm3kSxlECFfA8r5X2UcIKkBkuQqI-LuSjuCxqzhwWj7iGrfPKwmpPvOsmGcUlOR7oxT2Ntcn0L4-RBe6BSQg7EX7PK7eFo2PbQ6B9Y4DopigXuOMPpacRhOVAnA](30)" classname="Test_Case.Meta_Master_Code" time="1.303">
    <system-out><![CDATA[50000000
29 - The Downloads is more than 1M
]]></system-out>
  </testcase>
  <testcase name="analyseURLs[https://l.facebook.com/l.php?u=http%3A%2F%2Fplay.google.com%2Fstore%2Fapps%2Fdetails%3Fid%3Dcom.radio.pocketfm&amp;h=AT2518dKX-LL0oR7zQh3GJXyI-IVm3kSxlECFfA8r5X2UcIKkBkuQqI-LuSjuCxqzhwWj7iGrfPKwmpPvOsmGcUlOR7oxT2Ntcn0L4-RBe6BSQg7EX7PK7eFo2PbQ6B9Y4DopigXuOMPpacRhOVAnA](31)" classname="Test_Case.Meta_Master_Code" time="1.348">
    <system-out><![CDATA[100000000
30 - The Downloads is more than 1M
]]></system-out>
  </testcase>
  <testcase name="analyseURLs[https://l.facebook.com/l.php?u=http%3A%2F%2Fplay.google.com%2Fstore%2Fapps%2Fdetails%3Fid%3Dcom.radio.pocketfm&amp;h=AT2518dKX-LL0oR7zQh3GJXyI-IVm3kSxlECFfA8r5X2UcIKkBkuQqI-LuSjuCxqzhwWj7iGrfPKwmpPvOsmGcUlOR7oxT2Ntcn0L4-RBe6BSQg7EX7PK7eFo2PbQ6B9Y4DopigXuOMPpacRhOVAnA](32)" classname="Test_Case.Meta_Master_Code" time="1.218">
    <system-out><![CDATA[100000000
31 - The Downloads is more than 1M
]]></system-out>
  </testcase>
  <testcase name="analyseURLs[https://l.facebook.com/l.php?u=http%3A%2F%2Fplay.google.com%2Fstore%2Fapps%2Fdetails%3Fid%3Dcom.radio.pocketfm&amp;h=AT2518dKX-LL0oR7zQh3GJXyI-IVm3kSxlECFfA8r5X2UcIKkBkuQqI-LuSjuCxqzhwWj7iGrfPKwmpPvOsmGcUlOR7oxT2Ntcn0L4-RBe6BSQg7EX7PK7eFo2PbQ6B9Y4DopigXuOMPpacRhOVAnA](33)" classname="Test_Case.Meta_Master_Code" time="1.284">
    <system-out><![CDATA[100000000
32 - The Downloads is more than 1M
]]></system-out>
  </testcase>
  <testcase name="analyseURLs[https://l.facebook.com/l.php?u=http%3A%2F%2Fplay.google.com%2Fstore%2Fapps%2Fdetails%3Fid%3Dcom.radio.pocketfm&amp;h=AT2518dKX-LL0oR7zQh3GJXyI-IVm3kSxlECFfA8r5X2UcIKkBkuQqI-LuSjuCxqzhwWj7iGrfPKwmpPvOsmGcUlOR7oxT2Ntcn0L4-RBe6BSQg7EX7PK7eFo2PbQ6B9Y4DopigXuOMPpacRhOVAnA](34)" classname="Test_Case.Meta_Master_Code" time="1.222">
    <system-out><![CDATA[100000000
33 - The Downloads is more than 1M
]]></system-out>
  </testcase>
  <testcase name="analyseURLs[https://l.facebook.com/l.php?u=http%3A%2F%2Fplay.google.com%2Fstore%2Fapps%2Fdetails%3Fid%3Dcom.radio.pocketfm&amp;h=AT2518dKX-LL0oR7zQh3GJXyI-IVm3kSxlECFfA8r5X2UcIKkBkuQqI-LuSjuCxqzhwWj7iGrfPKwmpPvOsmGcUlOR7oxT2Ntcn0L4-RBe6BSQg7EX7PK7eFo2PbQ6B9Y4DopigXuOMPpacRhOVAnA](35)" classname="Test_Case.Meta_Master_Code" time="1.241">
    <system-out><![CDATA[100000000
34 - The Downloads is more than 1M
]]></system-out>
  </testcase>
  <testcase name="analyseURLs[https://l.facebook.com/l.php?u=http%3A%2F%2Fplay.google.com%2Fstore%2Fapps%2Fdetails%3Fid%3Dcom.radio.pocketfm&amp;h=AT2518dKX-LL0oR7zQh3GJXyI-IVm3kSxlECFfA8r5X2UcIKkBkuQqI-LuSjuCxqzhwWj7iGrfPKwmpPvOsmGcUlOR7oxT2Ntcn0L4-RBe6BSQg7EX7PK7eFo2PbQ6B9Y4DopigXuOMPpacRhOVAnA](36)" classname="Test_Case.Meta_Master_Code" time="1.294">
    <system-out><![CDATA[100000000
35 - The Downloads is more than 1M
]]></system-out>
  </testcase>
  <testcase name="analyseURLs[https://l.facebook.com/l.php?u=http%3A%2F%2Fplay.google.com%2Fstore%2Fapps%2Fdetails%3Fid%3Dcom.radio.pocketfm&amp;h=AT2518dKX-LL0oR7zQh3GJXyI-IVm3kSxlECFfA8r5X2UcIKkBkuQqI-LuSjuCxqzhwWj7iGrfPKwmpPvOsmGcUlOR7oxT2Ntcn0L4-RBe6BSQg7EX7PK7eFo2PbQ6B9Y4DopigXuOMPpacRhOVAnA](37)" classname="Test_Case.Meta_Master_Code" time="1.281">
    <system-out><![CDATA[100000000
36 - The Downloads is more than 1M
]]></system-out>
  </testcase>
</testsuite>