<?xml version="1.0" encoding="UTF-8"?>
<testng-results ignored="0" total="28" passed="28" failed="0" skipped="0">
  <reporter-output>
  </reporter-output>
  <suite started-at="2025-06-25T16:36:04 IST" name="Default suite" finished-at="2025-06-25T16:37:28 IST" duration-ms="83196">
    <groups>
    </groups>
    <test started-at="2025-06-25T16:36:04 IST" name="Default test" finished-at="2025-06-25T16:37:28 IST" duration-ms="83196">
      <class name="Test_Case.Run_the_ExcelLinks">
        <test-method is-config="true" signature="browseropen()[pri:0, instance:Test_Case.Run_the_ExcelLinks@475c9c31]" started-at="2025-06-25T16:36:04 IST" name="browseropen" finished-at="2025-06-25T16:36:06 IST" duration-ms="1919" status="PASS">
          <reporter-output>
          </reporter-output>
        </test-method> <!-- browseropen -->
        <test-method signature="analyseURLs(java.lang.String)[pri:0, instance:Test_Case.Run_the_ExcelLinks@475c9c31]" started-at="2025-06-25T16:36:07 IST" name="analyseURLs" data-provider="runURL" finished-at="2025-06-25T16:36:11 IST" duration-ms="3450" status="PASS">
          <params>
            <param index="0">
              <value>
                <![CDATA[https://play.google.com/store/apps/details?id=com.trackmyphone.find.myphone.phonelocator.antitheft]]>
              </value>
            </param>
          </params>
          <reporter-output>
          </reporter-output>
        </test-method> <!-- analyseURLs -->
        <test-method signature="analyseURLs(java.lang.String)[pri:0, instance:Test_Case.Run_the_ExcelLinks@475c9c31]" started-at="2025-06-25T16:36:11 IST" name="analyseURLs" data-provider="runURL" finished-at="2025-06-25T16:36:14 IST" duration-ms="2869" status="PASS">
          <params>
            <param index="0">
              <value>
                <![CDATA[https://play.google.com/store/apps/details?id=com.earthvibe.wall]]>
              </value>
            </param>
          </params>
          <reporter-output>
          </reporter-output>
        </test-method> <!-- analyseURLs -->
        <test-method signature="analyseURLs(java.lang.String)[pri:0, instance:Test_Case.Run_the_ExcelLinks@475c9c31]" started-at="2025-06-25T16:36:14 IST" name="analyseURLs" data-provider="runURL" finished-at="2025-06-25T16:36:16 IST" duration-ms="2809" status="PASS">
          <params>
            <param index="0">
              <value>
                <![CDATA[https://play.google.com/store/apps/details?id=com.eventbeep.android]]>
              </value>
            </param>
          </params>
          <reporter-output>
          </reporter-output>
        </test-method> <!-- analyseURLs -->
        <test-method signature="analyseURLs(java.lang.String)[pri:0, instance:Test_Case.Run_the_ExcelLinks@475c9c31]" started-at="2025-06-25T16:36:16 IST" name="analyseURLs" data-provider="runURL" finished-at="2025-06-25T16:36:19 IST" duration-ms="2871" status="PASS">
          <params>
            <param index="0">
              <value>
                <![CDATA[https://play.google.com/store/apps/details?id=antitheftalarm.donttouchmyphone.antipro]]>
              </value>
            </param>
          </params>
          <reporter-output>
          </reporter-output>
        </test-method> <!-- analyseURLs -->
        <test-method signature="analyseURLs(java.lang.String)[pri:0, instance:Test_Case.Run_the_ExcelLinks@475c9c31]" started-at="2025-06-25T16:36:19 IST" name="analyseURLs" data-provider="runURL" finished-at="2025-06-25T16:36:22 IST" duration-ms="2658" status="PASS">
          <params>
            <param index="0">
              <value>
                <![CDATA[https://play.google.com/store/apps/details?id=com.bh.ai.art.generator.photoeditor]]>
              </value>
            </param>
          </params>
          <reporter-output>
          </reporter-output>
        </test-method> <!-- analyseURLs -->
        <test-method signature="analyseURLs(java.lang.String)[pri:0, instance:Test_Case.Run_the_ExcelLinks@475c9c31]" started-at="2025-06-25T16:36:22 IST" name="analyseURLs" data-provider="runURL" finished-at="2025-06-25T16:36:25 IST" duration-ms="2645" status="PASS">
          <params>
            <param index="0">
              <value>
                <![CDATA[https://play.google.com/store/apps/details?id=com.idramas.tv]]>
              </value>
            </param>
          </params>
          <reporter-output>
          </reporter-output>
        </test-method> <!-- analyseURLs -->
        <test-method signature="analyseURLs(java.lang.String)[pri:0, instance:Test_Case.Run_the_ExcelLinks@475c9c31]" started-at="2025-06-25T16:36:25 IST" name="analyseURLs" data-provider="runURL" finished-at="2025-06-25T16:36:27 IST" duration-ms="2644" status="PASS">
          <params>
            <param index="0">
              <value>
                <![CDATA[https://play.google.com/store/apps/details?id=dailybend.bend.stretch.flexibility.fitness.exercise.back]]>
              </value>
            </param>
          </params>
          <reporter-output>
          </reporter-output>
        </test-method> <!-- analyseURLs -->
        <test-method signature="analyseURLs(java.lang.String)[pri:0, instance:Test_Case.Run_the_ExcelLinks@475c9c31]" started-at="2025-06-25T16:36:27 IST" name="analyseURLs" data-provider="runURL" finished-at="2025-06-25T16:36:30 IST" duration-ms="2783" status="PASS">
          <params>
            <param index="0">
              <value>
                <![CDATA[https://play.google.com/store/apps/details?id=com.wowchat.wallet]]>
              </value>
            </param>
          </params>
          <reporter-output>
          </reporter-output>
        </test-method> <!-- analyseURLs -->
        <test-method signature="analyseURLs(java.lang.String)[pri:0, instance:Test_Case.Run_the_ExcelLinks@475c9c31]" started-at="2025-06-25T16:36:30 IST" name="analyseURLs" data-provider="runURL" finished-at="2025-06-25T16:36:33 IST" duration-ms="2983" status="PASS">
          <params>
            <param index="0">
              <value>
                <![CDATA[https://play.google.com/store/apps/details?id=photo.video.maker.editor]]>
              </value>
            </param>
          </params>
          <reporter-output>
          </reporter-output>
        </test-method> <!-- analyseURLs -->
        <test-method signature="analyseURLs(java.lang.String)[pri:0, instance:Test_Case.Run_the_ExcelLinks@475c9c31]" started-at="2025-06-25T16:36:33 IST" name="analyseURLs" data-provider="runURL" finished-at="2025-06-25T16:36:36 IST" duration-ms="2697" status="PASS">
          <params>
            <param index="0">
              <value>
                <![CDATA[https://play.google.com/store/apps/details?id=com.smartearn.gpstracker]]>
              </value>
            </param>
          </params>
          <reporter-output>
          </reporter-output>
        </test-method> <!-- analyseURLs -->
        <test-method signature="analyseURLs(java.lang.String)[pri:0, instance:Test_Case.Run_the_ExcelLinks@475c9c31]" started-at="2025-06-25T16:36:36 IST" name="analyseURLs" data-provider="runURL" finished-at="2025-06-25T16:36:39 IST" duration-ms="2978" status="PASS">
          <params>
            <param index="0">
              <value>
                <![CDATA[https://play.google.com/store/apps/details?id=xyz.multipl.multipl]]>
              </value>
            </param>
          </params>
          <reporter-output>
          </reporter-output>
        </test-method> <!-- analyseURLs -->
        <test-method signature="analyseURLs(java.lang.String)[pri:0, instance:Test_Case.Run_the_ExcelLinks@475c9c31]" started-at="2025-06-25T16:36:39 IST" name="analyseURLs" data-provider="runURL" finished-at="2025-06-25T16:36:42 IST" duration-ms="2882" status="PASS">
          <params>
            <param index="0">
              <value>
                <![CDATA[https://play.google.com/store/apps/details?id=pl.idreams.SkyForceReloaded]]>
              </value>
            </param>
          </params>
          <reporter-output>
          </reporter-output>
        </test-method> <!-- analyseURLs -->
        <test-method signature="analyseURLs(java.lang.String)[pri:0, instance:Test_Case.Run_the_ExcelLinks@475c9c31]" started-at="2025-06-25T16:36:42 IST" name="analyseURLs" data-provider="runURL" finished-at="2025-06-25T16:36:44 IST" duration-ms="2949" status="PASS">
          <params>
            <param index="0">
              <value>
                <![CDATA[https://play.google.com/store/apps/details?id=com.fakecall.prankcall.videocall.voicechat]]>
              </value>
            </param>
          </params>
          <reporter-output>
          </reporter-output>
        </test-method> <!-- analyseURLs -->
        <test-method signature="analyseURLs(java.lang.String)[pri:0, instance:Test_Case.Run_the_ExcelLinks@475c9c31]" started-at="2025-06-25T16:36:44 IST" name="analyseURLs" data-provider="runURL" finished-at="2025-06-25T16:36:47 IST" duration-ms="2668" status="PASS">
          <params>
            <param index="0">
              <value>
                <![CDATA[https://play.google.com/store/apps/details?id=com.aamdhane.app]]>
              </value>
            </param>
          </params>
          <reporter-output>
          </reporter-output>
        </test-method> <!-- analyseURLs -->
        <test-method signature="analyseURLs(java.lang.String)[pri:0, instance:Test_Case.Run_the_ExcelLinks@475c9c31]" started-at="2025-06-25T16:36:47 IST" name="analyseURLs" data-provider="runURL" finished-at="2025-06-25T16:36:50 IST" duration-ms="2640" status="PASS">
          <params>
            <param index="0">
              <value>
                <![CDATA[https://play.google.com/store/apps/details?id=com.live.map.earth.app]]>
              </value>
            </param>
          </params>
          <reporter-output>
          </reporter-output>
        </test-method> <!-- analyseURLs -->
        <test-method signature="analyseURLs(java.lang.String)[pri:0, instance:Test_Case.Run_the_ExcelLinks@475c9c31]" started-at="2025-06-25T16:36:50 IST" name="analyseURLs" data-provider="runURL" finished-at="2025-06-25T16:36:53 IST" duration-ms="3222" status="PASS">
          <params>
            <param index="0">
              <value>
                <![CDATA[https://play.google.com/store/apps/details?id=com.upticker.app.v2]]>
              </value>
            </param>
          </params>
          <reporter-output>
          </reporter-output>
        </test-method> <!-- analyseURLs -->
        <test-method signature="analyseURLs(java.lang.String)[pri:0, instance:Test_Case.Run_the_ExcelLinks@475c9c31]" started-at="2025-06-25T16:36:53 IST" name="analyseURLs" data-provider="runURL" finished-at="2025-06-25T16:36:56 IST" duration-ms="2744" status="PASS">
          <params>
            <param index="0">
              <value>
                <![CDATA[https://play.google.com/store/apps/details?id=com.appspelago.peekababy]]>
              </value>
            </param>
          </params>
          <reporter-output>
          </reporter-output>
        </test-method> <!-- analyseURLs -->
        <test-method signature="analyseURLs(java.lang.String)[pri:0, instance:Test_Case.Run_the_ExcelLinks@475c9c31]" started-at="2025-06-25T16:36:56 IST" name="analyseURLs" data-provider="runURL" finished-at="2025-06-25T16:36:58 IST" duration-ms="2599" status="PASS">
          <params>
            <param index="0">
              <value>
                <![CDATA[https://play.google.com/store/apps/details?id=com.qr.cvn.barcode.scanner.fhnn]]>
              </value>
            </param>
          </params>
          <reporter-output>
          </reporter-output>
        </test-method> <!-- analyseURLs -->
        <test-method signature="analyseURLs(java.lang.String)[pri:0, instance:Test_Case.Run_the_ExcelLinks@475c9c31]" started-at="2025-06-25T16:36:58 IST" name="analyseURLs" data-provider="runURL" finished-at="2025-06-25T16:37:01 IST" duration-ms="2992" status="PASS">
          <params>
            <param index="0">
              <value>
                <![CDATA[https://play.google.com/store/apps/details?id=com.digitaljungle]]>
              </value>
            </param>
          </params>
          <reporter-output>
          </reporter-output>
        </test-method> <!-- analyseURLs -->
        <test-method signature="analyseURLs(java.lang.String)[pri:0, instance:Test_Case.Run_the_ExcelLinks@475c9c31]" started-at="2025-06-25T16:37:01 IST" name="analyseURLs" data-provider="runURL" finished-at="2025-06-25T16:37:04 IST" duration-ms="2696" status="PASS">
          <params>
            <param index="0">
              <value>
                <![CDATA[https://play.google.com/store/apps/details?id=com.happyverse.spellinggame]]>
              </value>
            </param>
          </params>
          <reporter-output>
          </reporter-output>
        </test-method> <!-- analyseURLs -->
        <test-method signature="analyseURLs(java.lang.String)[pri:0, instance:Test_Case.Run_the_ExcelLinks@475c9c31]" started-at="2025-06-25T16:37:04 IST" name="analyseURLs" data-provider="runURL" finished-at="2025-06-25T16:37:07 IST" duration-ms="2734" status="PASS">
          <params>
            <param index="0">
              <value>
                <![CDATA[https://play.google.com/store/apps/details?id=com.prank.crazy.trickly.aos]]>
              </value>
            </param>
          </params>
          <reporter-output>
          </reporter-output>
        </test-method> <!-- analyseURLs -->
        <test-method signature="analyseURLs(java.lang.String)[pri:0, instance:Test_Case.Run_the_ExcelLinks@475c9c31]" started-at="2025-06-25T16:37:07 IST" name="analyseURLs" data-provider="runURL" finished-at="2025-06-25T16:37:09 IST" duration-ms="2693" status="PASS">
          <params>
            <param index="0">
              <value>
                <![CDATA[https://play.google.com/store/apps/details?id=com.gurusutraa.astrosutraa]]>
              </value>
            </param>
          </params>
          <reporter-output>
          </reporter-output>
        </test-method> <!-- analyseURLs -->
        <test-method signature="analyseURLs(java.lang.String)[pri:0, instance:Test_Case.Run_the_ExcelLinks@475c9c31]" started-at="2025-06-25T16:37:09 IST" name="analyseURLs" data-provider="runURL" finished-at="2025-06-25T16:37:13 IST" duration-ms="3190" status="PASS">
          <params>
            <param index="0">
              <value>
                <![CDATA[https://play.google.com/store/apps/details?id=live.emotionalcare.eazeapp]]>
              </value>
            </param>
          </params>
          <reporter-output>
          </reporter-output>
        </test-method> <!-- analyseURLs -->
        <test-method signature="analyseURLs(java.lang.String)[pri:0, instance:Test_Case.Run_the_ExcelLinks@475c9c31]" started-at="2025-06-25T16:37:13 IST" name="analyseURLs" data-provider="runURL" finished-at="2025-06-25T16:37:16 IST" duration-ms="2994" status="PASS">
          <params>
            <param index="0">
              <value>
                <![CDATA[https://play.google.com/store/apps/details?id=grocery.beldara.fresh]]>
              </value>
            </param>
          </params>
          <reporter-output>
          </reporter-output>
        </test-method> <!-- analyseURLs -->
        <test-method signature="analyseURLs(java.lang.String)[pri:0, instance:Test_Case.Run_the_ExcelLinks@475c9c31]" started-at="2025-06-25T16:37:16 IST" name="analyseURLs" data-provider="runURL" finished-at="2025-06-25T16:37:19 IST" duration-ms="2920" status="PASS">
          <params>
            <param index="0">
              <value>
                <![CDATA[https://play.google.com/store/apps/details?id=com.app.malgopay]]>
              </value>
            </param>
          </params>
          <reporter-output>
          </reporter-output>
        </test-method> <!-- analyseURLs -->
        <test-method signature="analyseURLs(java.lang.String)[pri:0, instance:Test_Case.Run_the_ExcelLinks@475c9c31]" started-at="2025-06-25T16:37:19 IST" name="analyseURLs" data-provider="runURL" finished-at="2025-06-25T16:37:22 IST" duration-ms="2912" status="PASS">
          <params>
            <param index="0">
              <value>
                <![CDATA[https://play.google.com/store/apps/details?id=com.tnibro]]>
              </value>
            </param>
          </params>
          <reporter-output>
          </reporter-output>
        </test-method> <!-- analyseURLs -->
        <test-method signature="analyseURLs(java.lang.String)[pri:0, instance:Test_Case.Run_the_ExcelLinks@475c9c31]" started-at="2025-06-25T16:37:22 IST" name="analyseURLs" data-provider="runURL" finished-at="2025-06-25T16:37:25 IST" duration-ms="2996" status="PASS">
          <params>
            <param index="0">
              <value>
                <![CDATA[https://play.google.com/store/apps/details?id=ai.photoeditor.artgenerator]]>
              </value>
            </param>
          </params>
          <reporter-output>
          </reporter-output>
        </test-method> <!-- analyseURLs -->
        <test-method signature="analyseURLs(java.lang.String)[pri:0, instance:Test_Case.Run_the_ExcelLinks@475c9c31]" started-at="2025-06-25T16:37:25 IST" name="analyseURLs" data-provider="runURL" finished-at="2025-06-25T16:37:27 IST" duration-ms="2987" status="PASS">
          <params>
            <param index="0">
              <value>
                <![CDATA[https://play.google.com/store/apps/details?id=com.navigation.offlinemaps.radar.fortravel]]>
              </value>
            </param>
          </params>
          <reporter-output>
          </reporter-output>
        </test-method> <!-- analyseURLs -->
        <test-method is-config="true" signature="closebroser()[pri:0, instance:Test_Case.Run_the_ExcelLinks@475c9c31]" started-at="2025-06-25T16:37:27 IST" name="closebroser" finished-at="2025-06-25T16:37:28 IST" duration-ms="180" status="PASS">
          <reporter-output>
          </reporter-output>
        </test-method> <!-- closebroser -->
      </class> <!-- Test_Case.Run_the_ExcelLinks -->
    </test> <!-- Default test -->
  </suite> <!-- Default suite -->
</testng-results>
