<?xml version="1.0" encoding="UTF-8"?>
<!-- Generated by org.testng.reporters.JUnitXMLReporter -->
<testsuite ignored="0" hostname="DESKTOP-SKRGRIP" failures="0" tests="51" name="Meta_Automation_MasterCode" time="360.741" errors="0" timestamp="2025-07-14T12:32:55 IST">
  <testcase classname="Test_Case.Meta_Master_Code" name="Fetchdata" time="292.863"/>
  <testcase classname="Test_Case.Meta_Master_Code" name="analyseURLs" time="2.305"/>
  <testcase classname="Test_Case.Meta_Master_Code" name="analyseURLs" time="2.454"/>
  <testcase classname="Test_Case.Meta_Master_Code" name="analyseURLs" time="1.484"/>
  <testcase classname="Test_Case.Meta_Master_Code" name="analyseURLs" time="1.301"/>
  <testcase classname="Test_Case.Meta_Master_Code" name="analyseURLs" time="1.227"/>
  <testcase classname="Test_Case.Meta_Master_Code" name="analyseURLs" time="1.23"/>
  <testcase classname="Test_Case.Meta_Master_Code" name="analyseURLs" time="1.103"/>
  <testcase classname="Test_Case.Meta_Master_Code" name="analyseURLs" time="1.114"/>
  <testcase classname="Test_Case.Meta_Master_Code" name="analyseURLs" time="1.101"/>
  <testcase classname="Test_Case.Meta_Master_Code" name="analyseURLs" time="1.367"/>
  <testcase classname="Test_Case.Meta_Master_Code" name="analyseURLs" time="1.169"/>
  <testcase classname="Test_Case.Meta_Master_Code" name="analyseURLs" time="1.649"/>
  <testcase classname="Test_Case.Meta_Master_Code" name="analyseURLs" time="1.368"/>
  <testcase classname="Test_Case.Meta_Master_Code" name="analyseURLs" time="1.307"/>
  <testcase classname="Test_Case.Meta_Master_Code" name="analyseURLs" time="2.097"/>
  <testcase classname="Test_Case.Meta_Master_Code" name="analyseURLs" time="1.522"/>
  <testcase classname="Test_Case.Meta_Master_Code" name="analyseURLs" time="1.488"/>
  <testcase classname="Test_Case.Meta_Master_Code" name="analyseURLs" time="1.38"/>
  <testcase classname="Test_Case.Meta_Master_Code" name="analyseURLs" time="1.252"/>
  <testcase classname="Test_Case.Meta_Master_Code" name="analyseURLs" time="1.365"/>
  <testcase classname="Test_Case.Meta_Master_Code" name="analyseURLs" time="1.38"/>
  <testcase classname="Test_Case.Meta_Master_Code" name="analyseURLs" time="1.323"/>
  <testcase classname="Test_Case.Meta_Master_Code" name="analyseURLs" time="1.281"/>
  <testcase classname="Test_Case.Meta_Master_Code" name="analyseURLs" time="1.172"/>
  <testcase classname="Test_Case.Meta_Master_Code" name="analyseURLs" time="1.352"/>
  <testcase classname="Test_Case.Meta_Master_Code" name="analyseURLs" time="1.906"/>
  <testcase classname="Test_Case.Meta_Master_Code" name="analyseURLs" time="1.424"/>
  <testcase classname="Test_Case.Meta_Master_Code" name="analyseURLs" time="1.142"/>
  <testcase classname="Test_Case.Meta_Master_Code" name="analyseURLs" time="1.422"/>
  <testcase classname="Test_Case.Meta_Master_Code" name="analyseURLs" time="1.192"/>
  <testcase classname="Test_Case.Meta_Master_Code" name="analyseURLs" time="1.088"/>
  <testcase classname="Test_Case.Meta_Master_Code" name="analyseURLs" time="1.058"/>
  <testcase classname="Test_Case.Meta_Master_Code" name="analyseURLs" time="1.118"/>
  <testcase classname="Test_Case.Meta_Master_Code" name="analyseURLs" time="1.057"/>
  <testcase classname="Test_Case.Meta_Master_Code" name="analyseURLs" time="1.184"/>
  <testcase classname="Test_Case.Meta_Master_Code" name="analyseURLs" time="1.075"/>
  <testcase classname="Test_Case.Meta_Master_Code" name="analyseURLs" time="1.074"/>
  <testcase classname="Test_Case.Meta_Master_Code" name="analyseURLs" time="1.173"/>
  <testcase classname="Test_Case.Meta_Master_Code" name="analyseURLs" time="1.121"/>
  <testcase classname="Test_Case.Meta_Master_Code" name="analyseURLs" time="1.113"/>
  <testcase classname="Test_Case.Meta_Master_Code" name="analyseURLs" time="1.164"/>
  <testcase classname="Test_Case.Meta_Master_Code" name="analyseURLs" time="1.202"/>
  <testcase classname="Test_Case.Meta_Master_Code" name="analyseURLs" time="1.138"/>
  <testcase classname="Test_Case.Meta_Master_Code" name="analyseURLs" time="1.133"/>
  <testcase classname="Test_Case.Meta_Master_Code" name="analyseURLs" time="1.111"/>
  <testcase classname="Test_Case.Meta_Master_Code" name="analyseURLs" time="1.094"/>
  <testcase classname="Test_Case.Meta_Master_Code" name="analyseURLs" time="1.117"/>
  <testcase classname="Test_Case.Meta_Master_Code" name="analyseURLs" time="1.236"/>
  <testcase classname="Test_Case.Meta_Master_Code" name="analyseURLs" time="1.187"/>
  <testcase classname="Test_Case.Meta_Master_Code" name="deleteExcelIfNoSheet" time="0.014"/>
</testsuite> <!-- Meta_Automation_MasterCode -->
